<?xml version="1.0" encoding="UTF-8"?>
<testng-results skipped="0" failed="1" ignored="0" total="3" passed="2">
  <reporter-output>
  </reporter-output>
  <suite name="Suite" duration-ms="44" started-at="2019-05-04T08:49:56Z" finished-at="2019-05-04T08:49:56Z">
    <groups>
    </groups>
    <test name="Test" duration-ms="44" started-at="2019-05-04T08:49:56Z" finished-at="2019-05-04T08:49:56Z">
      <class name="TestAnnotaions.TestAnno">
        <test-method status="PASS" signature="bm2()[pri:0, instance:TestAnnotaions.TestAnno@7f9a81e8]" name="bm2" is-config="true" duration-ms="11" started-at="2019-05-04T08:49:56Z" finished-at="2019-05-04T08:49:56Z">
          <reporter-output>
          </reporter-output>
        </test-method> <!-- bm2 -->
        <test-method status="FAIL" signature="TestFun()[pri:0, instance:TestAnnotaions.TestAnno@7f9a81e8]" name="TestFun" duration-ms="8" started-at="2019-05-04T08:49:56Z" finished-at="2019-05-04T08:49:56Z">
          <exception class="java.lang.AssertionError">
            <message>
              <![CDATA[expected [true] but found [false]]]>
            </message>
            <full-stacktrace>
              <![CDATA[java.lang.AssertionError: expected [true] but found [false]
at org.testng.Assert.fail(Assert.java:96)
at org.testng.Assert.failNotEquals(Assert.java:776)
at org.testng.Assert.assertTrue(Assert.java:44)
at org.testng.Assert.assertTrue(Assert.java:54)
at TestAnnotaions.TestAnno.TestFun(TestAnno.java:27)
at sun.reflect.NativeMethodAccessorImpl.invoke0(Native Method)
at sun.reflect.NativeMethodAccessorImpl.invoke(Unknown Source)
at sun.reflect.DelegatingMethodAccessorImpl.invoke(Unknown Source)
at java.lang.reflect.Method.invoke(Unknown Source)
at org.testng.internal.MethodInvocationHelper.invokeMethod(MethodInvocationHelper.java:124)
at org.testng.internal.Invoker.invokeMethod(Invoker.java:580)
at org.testng.internal.Invoker.invokeTestMethod(Invoker.java:716)
at org.testng.internal.Invoker.invokeTestMethods(Invoker.java:988)
at org.testng.internal.TestMethodWorker.invokeTestMethods(TestMethodWorker.java:125)
at org.testng.internal.TestMethodWorker.run(TestMethodWorker.java:109)
at org.testng.TestRunner.privateRun(TestRunner.java:648)
at org.testng.TestRunner.run(TestRunner.java:505)
at org.testng.SuiteRunner.runTest(SuiteRunner.java:455)
at org.testng.SuiteRunner.runSequentially(SuiteRunner.java:450)
at org.testng.SuiteRunner.privateRun(SuiteRunner.java:415)
at org.testng.SuiteRunner.run(SuiteRunner.java:364)
at org.testng.SuiteRunnerWorker.runSuite(SuiteRunnerWorker.java:52)
at org.testng.SuiteRunnerWorker.run(SuiteRunnerWorker.java:84)
at org.testng.TestNG.runSuitesSequentially(TestNG.java:1208)
at org.testng.TestNG.runSuitesLocally(TestNG.java:1137)
at org.testng.TestNG.runSuites(TestNG.java:1049)
at org.testng.TestNG.run(TestNG.java:1017)
at org.testng.remote.AbstractRemoteTestNG.run(AbstractRemoteTestNG.java:114)
at org.testng.remote.RemoteTestNG.initAndRun(RemoteTestNG.java:251)
at org.testng.remote.RemoteTestNG.main(RemoteTestNG.java:77)
]]>
            </full-stacktrace>
          </exception> <!-- java.lang.AssertionError -->
          <reporter-output>
          </reporter-output>
        </test-method> <!-- TestFun -->
        <test-method status="PASS" signature="bm()[pri:0, instance:TestAnnotaions.TestAnno@7f9a81e8]" name="bm" is-config="true" duration-ms="0" started-at="2019-05-04T08:49:56Z" finished-at="2019-05-04T08:49:56Z">
          <reporter-output>
          </reporter-output>
        </test-method> <!-- bm -->
        <test-method status="PASS" signature="AF()[pri:0, instance:TestAnnotaions.TestAnno@7f9a81e8]" name="AF" is-config="true" duration-ms="1" started-at="2019-05-04T08:49:56Z" finished-at="2019-05-04T08:49:56Z">
          <reporter-output>
          </reporter-output>
        </test-method> <!-- AF -->
        <test-method status="PASS" signature="bm()[pri:0, instance:TestAnnotaions.TestAnno@7f9a81e8]" name="bm" is-config="true" duration-ms="0" started-at="2019-05-04T08:49:56Z" finished-at="2019-05-04T08:49:56Z">
          <reporter-output>
          </reporter-output>
        </test-method> <!-- bm -->
        <test-method status="PASS" signature="TestFun1()[pri:0, instance:TestAnnotaions.TestAnno@7f9a81e8]" name="TestFun1" duration-ms="2" started-at="2019-05-04T08:49:56Z" finished-at="2019-05-04T08:49:56Z">
          <reporter-output>
          </reporter-output>
        </test-method> <!-- TestFun1 -->
        <test-method status="PASS" signature="AF()[pri:0, instance:TestAnnotaions.TestAnno@7f9a81e8]" name="AF" is-config="true" duration-ms="0" started-at="2019-05-04T08:49:56Z" finished-at="2019-05-04T08:49:56Z">
          <reporter-output>
          </reporter-output>
        </test-method> <!-- AF -->
        <test-method status="PASS" signature="bm()[pri:0, instance:TestAnnotaions.TestAnno@7f9a81e8]" name="bm" is-config="true" duration-ms="1" started-at="2019-05-04T08:49:56Z" finished-at="2019-05-04T08:49:56Z">
          <reporter-output>
          </reporter-output>
        </test-method> <!-- bm -->
        <test-method status="PASS" signature="TestFun4()[pri:0, instance:TestAnnotaions.TestAnno@7f9a81e8]" name="TestFun4" duration-ms="2" started-at="2019-05-04T08:49:56Z" finished-at="2019-05-04T08:49:56Z">
          <reporter-output>
          </reporter-output>
        </test-method> <!-- TestFun4 -->
        <test-method status="PASS" signature="AF()[pri:0, instance:TestAnnotaions.TestAnno@7f9a81e8]" name="AF" is-config="true" duration-ms="1" started-at="2019-05-04T08:49:56Z" finished-at="2019-05-04T08:49:56Z">
          <reporter-output>
          </reporter-output>
        </test-method> <!-- AF -->
      </class> <!-- TestAnnotaions.TestAnno -->
    </test> <!-- Test -->
  </suite> <!-- Suite -->
</testng-results>
